2024-09-21 17:29:21,772 INFO [dump] add formal task. groupKey=user-service-application+DEFAULT_GROUP

2024-09-21 17:29:21,837 INFO [dump] process formal task. groupKey=user-service-application+DEFAULT_GROUP

2024-09-21 17:29:21,909 INFO [dump] md5 changed, save to disk cache ,groupKey=user-service-application+DEFAULT_GROUP, newMd5=9ef2bb879451459442c34014f6ddef0e,oldMd5=

2024-09-21 17:29:21,919 INFO [dump] md5 changed, update md5 and timestamp in jvm cache ,groupKey=user-service-application+DEFAULT_GROUP, newMd5=9ef2bb879451459442c34014f6ddef0e,oldMd5=,lastModifiedTs=1726910961726

2024-09-21 18:00:53,839 INFO [dump] add formal task. groupKey=com.chenjiacheng.microservice.user.service.api.api.UserService:::provider:user-service+dubbo

2024-09-21 18:00:53,840 INFO [dump] add formal task. groupKey=com.chenjiacheng.microservice.user.service.api.api.UserService+mapping

2024-09-21 18:00:53,885 INFO [dump] process formal task. groupKey=com.chenjiacheng.microservice.user.service.api.api.UserService+mapping

2024-09-21 18:00:53,898 INFO [dump] md5 changed, save to disk cache ,groupKey=com.chenjiacheng.microservice.user.service.api.api.UserService+mapping, newMd5=442cf4015509eda9c03e5ca3aceef752,oldMd5=

2024-09-21 18:00:53,905 INFO [dump] md5 changed, update md5 and timestamp in jvm cache ,groupKey=com.chenjiacheng.microservice.user.service.api.api.UserService+mapping, newMd5=442cf4015509eda9c03e5ca3aceef752,oldMd5=,lastModifiedTs=1726912853787

2024-09-21 18:00:53,907 INFO [dump] process formal task. groupKey=com.chenjiacheng.microservice.user.service.api.api.UserService:::provider:user-service+dubbo

2024-09-21 18:00:53,909 INFO [dump] md5 changed, save to disk cache ,groupKey=com.chenjiacheng.microservice.user.service.api.api.UserService:::provider:user-service+dubbo, newMd5=d3653061d7dcb1c9f04e0c82ef8813d8,oldMd5=

2024-09-21 18:00:53,909 INFO [dump] md5 changed, update md5 and timestamp in jvm cache ,groupKey=com.chenjiacheng.microservice.user.service.api.api.UserService:::provider:user-service+dubbo, newMd5=d3653061d7dcb1c9f04e0c82ef8813d8,oldMd5=,lastModifiedTs=1726912853787

2024-09-21 18:03:35,758 INFO [dump] add formal task. groupKey=com.chenjiacheng.microservice.user.service.api.api.UserService:::provider:user-service+dubbo

2024-09-21 18:03:35,771 INFO [dump] process formal task. groupKey=com.chenjiacheng.microservice.user.service.api.api.UserService:::provider:user-service+dubbo

2024-09-21 18:03:35,772 INFO [dump] md5 changed, save to disk cache ,groupKey=com.chenjiacheng.microservice.user.service.api.api.UserService:::provider:user-service+dubbo, newMd5=bac3e7220b1101925aefd2389b852996,oldMd5=d3653061d7dcb1c9f04e0c82ef8813d8

2024-09-21 18:03:35,773 INFO [dump] md5 changed, update md5 and timestamp in jvm cache ,groupKey=com.chenjiacheng.microservice.user.service.api.api.UserService:::provider:user-service+dubbo, newMd5=bac3e7220b1101925aefd2389b852996,oldMd5=d3653061d7dcb1c9f04e0c82ef8813d8,lastModifiedTs=1726913015750

2024-09-21 18:05:06,534 INFO [dump] add formal task. groupKey=com.chenjiacheng.microservice.trade.srvice.api.api.TradeService+mapping

2024-09-21 18:05:06,597 INFO [dump] process formal task. groupKey=com.chenjiacheng.microservice.trade.srvice.api.api.TradeService+mapping

2024-09-21 18:05:06,599 INFO [dump] md5 changed, save to disk cache ,groupKey=com.chenjiacheng.microservice.trade.srvice.api.api.TradeService+mapping, newMd5=d484d4d15684fd4a5a0dc67c0b9863ae,oldMd5=

2024-09-21 18:05:06,601 INFO [dump] md5 changed, update md5 and timestamp in jvm cache ,groupKey=com.chenjiacheng.microservice.trade.srvice.api.api.TradeService+mapping, newMd5=d484d4d15684fd4a5a0dc67c0b9863ae,oldMd5=,lastModifiedTs=1726913106530

2024-09-21 18:05:06,762 INFO [dump] add formal task. groupKey=com.chenjiacheng.microservice.trade.srvice.api.api.TradeService:::provider:trade-service+dubbo

2024-09-21 18:05:06,805 INFO [dump] process formal task. groupKey=com.chenjiacheng.microservice.trade.srvice.api.api.TradeService:::provider:trade-service+dubbo

2024-09-21 18:05:06,806 INFO [dump] md5 changed, save to disk cache ,groupKey=com.chenjiacheng.microservice.trade.srvice.api.api.TradeService:::provider:trade-service+dubbo, newMd5=aa44c51312252065840ecbb6cc24b350,oldMd5=

2024-09-21 18:05:06,807 INFO [dump] md5 changed, update md5 and timestamp in jvm cache ,groupKey=com.chenjiacheng.microservice.trade.srvice.api.api.TradeService:::provider:trade-service+dubbo, newMd5=aa44c51312252065840ecbb6cc24b350,oldMd5=,lastModifiedTs=1726913106759

2024-09-21 18:06:31,109 INFO [dump] add formal task. groupKey=com.chenjiacheng.microservice.asset.service.api.api.AssetService+mapping

2024-09-21 18:06:31,150 INFO [dump] process formal task. groupKey=com.chenjiacheng.microservice.asset.service.api.api.AssetService+mapping

2024-09-21 18:06:31,152 INFO [dump] md5 changed, save to disk cache ,groupKey=com.chenjiacheng.microservice.asset.service.api.api.AssetService+mapping, newMd5=bbc685ecdbee1cdcd6906f4abbe711a9,oldMd5=

2024-09-21 18:06:31,154 INFO [dump] md5 changed, update md5 and timestamp in jvm cache ,groupKey=com.chenjiacheng.microservice.asset.service.api.api.AssetService+mapping, newMd5=bbc685ecdbee1cdcd6906f4abbe711a9,oldMd5=,lastModifiedTs=1726913191105

2024-09-21 18:06:31,330 INFO [dump] add formal task. groupKey=com.chenjiacheng.microservice.asset.service.api.api.AssetService:::provider:asset-service+dubbo

2024-09-21 18:06:31,357 INFO [dump] process formal task. groupKey=com.chenjiacheng.microservice.asset.service.api.api.AssetService:::provider:asset-service+dubbo

2024-09-21 18:06:31,358 INFO [dump] md5 changed, save to disk cache ,groupKey=com.chenjiacheng.microservice.asset.service.api.api.AssetService:::provider:asset-service+dubbo, newMd5=dad42df737e22ebb12266323a03cde77,oldMd5=

2024-09-21 18:06:31,359 INFO [dump] md5 changed, update md5 and timestamp in jvm cache ,groupKey=com.chenjiacheng.microservice.asset.service.api.api.AssetService:::provider:asset-service+dubbo, newMd5=dad42df737e22ebb12266323a03cde77,oldMd5=,lastModifiedTs=1726913191320

2024-09-21 18:26:14,901 INFO [dump] add formal task. groupKey=com.chenjiacheng.microservice.user.service.api.api.UserService:::provider:user-service+dubbo

2024-09-21 18:26:14,914 INFO [dump] process formal task. groupKey=com.chenjiacheng.microservice.user.service.api.api.UserService:::provider:user-service+dubbo

2024-09-21 18:26:14,915 INFO [dump] md5 changed, save to disk cache ,groupKey=com.chenjiacheng.microservice.user.service.api.api.UserService:::provider:user-service+dubbo, newMd5=48877847eaf10aac8196da8e77316e5e,oldMd5=bac3e7220b1101925aefd2389b852996

2024-09-21 18:26:14,916 INFO [dump] md5 changed, update md5 and timestamp in jvm cache ,groupKey=com.chenjiacheng.microservice.user.service.api.api.UserService:::provider:user-service+dubbo, newMd5=48877847eaf10aac8196da8e77316e5e,oldMd5=bac3e7220b1101925aefd2389b852996,lastModifiedTs=1726914374896

2024-09-21 18:27:34,392 INFO [dump] add formal task. groupKey=user-service+DEFAULT_GROUP

2024-09-21 18:27:34,460 INFO [dump] process formal task. groupKey=user-service+DEFAULT_GROUP

2024-09-21 18:27:34,463 INFO [dump] md5 changed, save to disk cache ,groupKey=user-service+DEFAULT_GROUP, newMd5=640572a9deb238863d0bd1223cfa9e3f,oldMd5=

2024-09-21 18:27:34,467 INFO [dump] md5 changed, update md5 and timestamp in jvm cache ,groupKey=user-service+DEFAULT_GROUP, newMd5=640572a9deb238863d0bd1223cfa9e3f,oldMd5=,lastModifiedTs=1726914454384

2024-09-21 18:27:55,615 INFO [dump] add formal task. groupKey=com.chenjiacheng.microservice.user.service.api.api.UserService:::provider:user-service+dubbo

2024-09-21 18:27:55,680 INFO [dump] process formal task. groupKey=com.chenjiacheng.microservice.user.service.api.api.UserService:::provider:user-service+dubbo

2024-09-21 18:27:55,681 INFO [dump] md5 changed, save to disk cache ,groupKey=com.chenjiacheng.microservice.user.service.api.api.UserService:::provider:user-service+dubbo, newMd5=f50b86de4f2360fe5a4b9027e66f57bb,oldMd5=48877847eaf10aac8196da8e77316e5e

2024-09-21 18:27:55,682 INFO [dump] md5 changed, update md5 and timestamp in jvm cache ,groupKey=com.chenjiacheng.microservice.user.service.api.api.UserService:::provider:user-service+dubbo, newMd5=f50b86de4f2360fe5a4b9027e66f57bb,oldMd5=48877847eaf10aac8196da8e77316e5e,lastModifiedTs=1726914475613

2024-09-21 18:28:23,261 INFO [dump] add formal task. groupKey=user-service+DEFAULT_GROUP

2024-09-21 18:28:23,355 INFO [dump] process formal task. groupKey=user-service+DEFAULT_GROUP

2024-09-21 18:28:23,358 INFO [dump] md5 changed, save to disk cache ,groupKey=user-service+DEFAULT_GROUP, newMd5=7dd10969deac6a570dfeba4190ee6adb,oldMd5=640572a9deb238863d0bd1223cfa9e3f

2024-09-21 18:28:23,359 INFO [dump] md5 changed, update md5 and timestamp in jvm cache ,groupKey=user-service+DEFAULT_GROUP, newMd5=7dd10969deac6a570dfeba4190ee6adb,oldMd5=640572a9deb238863d0bd1223cfa9e3f,lastModifiedTs=1726914503256

