2024-09-21 17:24:27,210 INFO notifyConnectTimeout:100

2024-09-21 17:24:27,223 INFO notifySocketTimeout:200

2024-09-21 17:24:27,225 INFO isHealthCheck:true

2024-09-21 17:24:27,227 INFO maxHealthCheckFailCount:12

2024-09-21 17:24:27,228 INFO maxContent:10485760

2024-09-21 17:24:36,257 WARN DumpService start

2024-09-21 17:24:36,258 INFO start clear all config-info.

2024-09-21 17:24:36,260 INFO clear all config-info success.

2024-09-21 17:24:36,261 INFO clear all config-info-tenant success.

2024-09-21 17:24:36,354 INFO All dump page size is set to 50 according to mem limit 972 MB

2024-09-21 17:24:36,355 INFO start dump all config-info...

2024-09-21 17:24:36,355 INFO success to  dump all config-info。

2024-09-21 17:24:36,356 INFO start clear all config-info-beta.

2024-09-21 17:24:36,357 INFO clear all config-info-beta success.

2024-09-21 17:24:36,357 INFO clear all config-info-beta-tenant success.

2024-09-21 17:24:36,377 INFO start clear all config-info-tag.

2024-09-21 17:24:36,378 INFO clear all config-info-tag success.

2024-09-21 17:24:36,379 INFO clear all config-info-tag-tenant success.

2024-09-21 17:28:17,257 INFO notifyConnectTimeout:100

2024-09-21 17:28:17,269 INFO notifySocketTimeout:200

2024-09-21 17:28:17,270 INFO isHealthCheck:true

2024-09-21 17:28:17,271 INFO maxHealthCheckFailCount:12

2024-09-21 17:28:17,271 INFO maxContent:10485760

2024-09-21 17:28:24,556 WARN DumpService start

2024-09-21 17:28:24,557 INFO start clear all config-info.

2024-09-21 17:28:24,560 INFO clear all config-info success.

2024-09-21 17:28:24,561 INFO clear all config-info-tenant success.

2024-09-21 17:28:24,686 INFO All dump page size is set to 50 according to mem limit 972 MB

2024-09-21 17:28:24,687 INFO start dump all config-info...

2024-09-21 17:28:24,688 INFO success to  dump all config-info。

2024-09-21 17:28:24,689 INFO start clear all config-info-beta.

2024-09-21 17:28:24,689 INFO clear all config-info-beta success.

2024-09-21 17:28:24,690 INFO clear all config-info-beta-tenant success.

2024-09-21 17:28:24,717 INFO start clear all config-info-tag.

2024-09-21 17:28:24,718 INFO clear all config-info-tag success.

2024-09-21 17:28:24,718 INFO clear all config-info-tag-tenant success.

2024-09-21 17:35:32,440 INFO notifyConnectTimeout:100

2024-09-21 17:35:32,449 INFO notifySocketTimeout:200

2024-09-21 17:35:32,450 INFO isHealthCheck:true

2024-09-21 17:35:32,451 INFO maxHealthCheckFailCount:12

2024-09-21 17:35:32,451 INFO maxContent:10485760

2024-09-21 17:35:44,388 WARN DumpService start

2024-09-21 17:35:44,389 INFO start clear all config-info.

2024-09-21 17:35:44,392 INFO clear all config-info success.

2024-09-21 17:35:44,393 INFO clear all config-info-tenant success.

2024-09-21 17:35:44,543 INFO All dump page size is set to 50 according to mem limit 972 MB

2024-09-21 17:35:44,544 INFO start dump all config-info...

2024-09-21 17:35:44,545 INFO success to  dump all config-info。

2024-09-21 17:35:44,545 INFO start clear all config-info-beta.

2024-09-21 17:35:44,546 INFO clear all config-info-beta success.

2024-09-21 17:35:44,546 INFO clear all config-info-beta-tenant success.

2024-09-21 17:35:44,570 INFO start clear all config-info-tag.

2024-09-21 17:35:44,571 INFO clear all config-info-tag success.

2024-09-21 17:35:44,573 INFO clear all config-info-tag-tenant success.

