2024-09-21 17:24:33,720 INFO [ClientConnectionEventListenerRegistry] registry listener - ConnectionBasedClientManager

2024-09-21 17:24:36,551 INFO [ClientConnectionEventListenerRegistry] registry listener - ConfigConnectionEventListener

2024-09-21 17:24:36,596 INFO Nacos GrpcSdkServer Rpc server starting at port 9848

2024-09-21 17:24:36,853 INFO Load ProtocolNegotiatorBuilder com.alibaba.nacos.core.remote.grpc.negotiator.tls.SdkDefaultTlsProtocolNegotiatorBuilder for type DEFAULT_TLS

2024-09-21 17:24:36,854 INFO Load ProtocolNegotiatorBuilder com.alibaba.nacos.core.remote.grpc.negotiator.tls.ClusterDefaultTlsProtocolNegotiatorBuilder for type CLUSTER_DEFAULT_TLS

2024-09-21 17:24:36,855 WARN Not found ProtocolNegotiatorBuilder for type nacos.remote.server.rpc.protocol.negotiator.type, will use default type nacos.remote.server.rpc.protocol.negotiator.type

2024-09-21 17:24:36,859 WARN Recommended use 'nacos.remote.server.grpc.sdk.max-inbound-message-size' property instead 'nacos.remote.server.grpc.maxinbound.message.size', now property value is 10485760

2024-09-21 17:24:37,076 INFO Ssl Context auto refresh is not supported.

2024-09-21 17:24:37,077 INFO Ssl Context auto refresh is not supported.

2024-09-21 17:24:37,077 INFO RpcServerSslContextRefresher initialization completed.

2024-09-21 17:24:37,078 INFO Nacos GrpcSdkServer Rpc server started at port 9848

2024-09-21 17:24:37,082 INFO Nacos GrpcClusterServer Rpc server starting at port 9849

2024-09-21 17:24:37,084 WARN Not found ProtocolNegotiatorBuilder for type nacos.remote.cluster.server.rpc.protocol.negotiator.type, will use default type nacos.remote.cluster.server.rpc.protocol.negotiator.type

2024-09-21 17:24:37,085 WARN Recommended use 'nacos.remote.server.grpc.cluster.max-inbound-message-size' property instead 'nacos.remote.server.grpc.maxinbound.message.size', now property value is 10485760

2024-09-21 17:24:37,089 INFO Nacos GrpcClusterServer Rpc server started at port 9849

2024-09-21 17:24:37,135 INFO [ClientConnectionEventListenerRegistry] registry listener - RpcAckCallbackInitorOrCleaner

2024-09-21 17:27:26,561 INFO Nacos GrpcClusterServer Rpc server stopping

2024-09-21 17:27:26,569 INFO Nacos GrpcSdkServer Rpc server stopping

2024-09-21 17:27:26,604 INFO Nacos GrpcSdkServer Rpc server stopped successfully...

2024-09-21 17:27:26,604 INFO Nacos GrpcClusterServer Rpc server stopped successfully...

2024-09-21 17:28:22,126 INFO [ClientConnectionEventListenerRegistry] registry listener - ConnectionBasedClientManager

2024-09-21 17:28:24,921 INFO [ClientConnectionEventListenerRegistry] registry listener - ConfigConnectionEventListener

2024-09-21 17:28:24,984 INFO Nacos GrpcSdkServer Rpc server starting at port 9848

2024-09-21 17:28:25,247 INFO Load ProtocolNegotiatorBuilder com.alibaba.nacos.core.remote.grpc.negotiator.tls.SdkDefaultTlsProtocolNegotiatorBuilder for type DEFAULT_TLS

2024-09-21 17:28:25,248 INFO Load ProtocolNegotiatorBuilder com.alibaba.nacos.core.remote.grpc.negotiator.tls.ClusterDefaultTlsProtocolNegotiatorBuilder for type CLUSTER_DEFAULT_TLS

2024-09-21 17:28:25,249 WARN Not found ProtocolNegotiatorBuilder for type nacos.remote.server.rpc.protocol.negotiator.type, will use default type nacos.remote.server.rpc.protocol.negotiator.type

2024-09-21 17:28:25,254 WARN Recommended use 'nacos.remote.server.grpc.sdk.max-inbound-message-size' property instead 'nacos.remote.server.grpc.maxinbound.message.size', now property value is 10485760

2024-09-21 17:28:25,454 INFO Ssl Context auto refresh is not supported.

2024-09-21 17:28:25,455 INFO Ssl Context auto refresh is not supported.

2024-09-21 17:28:25,456 INFO RpcServerSslContextRefresher initialization completed.

2024-09-21 17:28:25,456 INFO Nacos GrpcSdkServer Rpc server started at port 9848

2024-09-21 17:28:25,460 INFO Nacos GrpcClusterServer Rpc server starting at port 9849

2024-09-21 17:28:25,461 WARN Not found ProtocolNegotiatorBuilder for type nacos.remote.cluster.server.rpc.protocol.negotiator.type, will use default type nacos.remote.cluster.server.rpc.protocol.negotiator.type

2024-09-21 17:28:25,463 WARN Recommended use 'nacos.remote.server.grpc.cluster.max-inbound-message-size' property instead 'nacos.remote.server.grpc.maxinbound.message.size', now property value is 10485760

2024-09-21 17:28:25,468 INFO Nacos GrpcClusterServer Rpc server started at port 9849

2024-09-21 17:28:25,507 INFO [ClientConnectionEventListenerRegistry] registry listener - RpcAckCallbackInitorOrCleaner

2024-09-21 17:33:53,674 INFO Nacos GrpcSdkServer Rpc server stopping

2024-09-21 17:33:53,676 INFO Nacos GrpcClusterServer Rpc server stopping

2024-09-21 17:33:53,769 INFO Nacos GrpcClusterServer Rpc server stopped successfully...

2024-09-21 17:33:53,769 INFO Nacos GrpcSdkServer Rpc server stopped successfully...

2024-09-21 17:35:40,752 INFO [ClientConnectionEventListenerRegistry] registry listener - ConnectionBasedClientManager

2024-09-21 17:35:44,837 INFO [ClientConnectionEventListenerRegistry] registry listener - ConfigConnectionEventListener

2024-09-21 17:35:44,889 INFO Nacos GrpcSdkServer Rpc server starting at port 9848

2024-09-21 17:35:45,177 INFO Load ProtocolNegotiatorBuilder com.alibaba.nacos.core.remote.grpc.negotiator.tls.SdkDefaultTlsProtocolNegotiatorBuilder for type DEFAULT_TLS

2024-09-21 17:35:45,177 INFO Load ProtocolNegotiatorBuilder com.alibaba.nacos.core.remote.grpc.negotiator.tls.ClusterDefaultTlsProtocolNegotiatorBuilder for type CLUSTER_DEFAULT_TLS

2024-09-21 17:35:45,178 WARN Not found ProtocolNegotiatorBuilder for type nacos.remote.server.rpc.protocol.negotiator.type, will use default type nacos.remote.server.rpc.protocol.negotiator.type

2024-09-21 17:35:45,181 WARN Recommended use 'nacos.remote.server.grpc.sdk.max-inbound-message-size' property instead 'nacos.remote.server.grpc.maxinbound.message.size', now property value is 10485760

2024-09-21 17:35:45,396 INFO Ssl Context auto refresh is not supported.

2024-09-21 17:35:45,400 INFO Ssl Context auto refresh is not supported.

2024-09-21 17:35:45,402 INFO RpcServerSslContextRefresher initialization completed.

2024-09-21 17:35:45,403 INFO Nacos GrpcSdkServer Rpc server started at port 9848

2024-09-21 17:35:45,407 INFO Nacos GrpcClusterServer Rpc server starting at port 9849

2024-09-21 17:35:45,409 WARN Not found ProtocolNegotiatorBuilder for type nacos.remote.cluster.server.rpc.protocol.negotiator.type, will use default type nacos.remote.cluster.server.rpc.protocol.negotiator.type

2024-09-21 17:35:45,410 WARN Recommended use 'nacos.remote.server.grpc.cluster.max-inbound-message-size' property instead 'nacos.remote.server.grpc.maxinbound.message.size', now property value is 10485760

2024-09-21 17:35:45,415 INFO Nacos GrpcClusterServer Rpc server started at port 9849

2024-09-21 17:35:45,454 INFO [ClientConnectionEventListenerRegistry] registry listener - RpcAckCallbackInitorOrCleaner

